Feb 25 04:47 : update: added /Hud - Mishary Rashid.mp3
Feb 25 04:47 : update: added /Al-Fajr - Mishary Rashid.mp3
Feb 25 04:47 : update: added /Al-Bayyinah - Mishary Rashid.mp3
Feb 25 04:47 : update: added /As-Syams - Mishary Rashid.mp3
Feb 25 04:47 : update: added /Al-Ikhlas - Mishary Rashid.mp3
Feb 25 04:47 : update: added /Al-Fatihah - Mishary Rashid.mp3
Feb 25 04:47 : update: added /Al-Jumu'ah - Mishary Rashid.mp3
Feb 25 04:47 : update: added /Adzan.mp3
Feb 25 04:47 : update: added /Al-Layl - Mishary Rashid.mp3
Feb 25 06:31 : exception: Failed to open /home/ryn/.mpd/playlists: No such file or directory
Feb 25 06:32 : exception: Failed to open /home/ryn/.mpd/playlists: No such file or directory
Feb 25 06:32 : exception: Failed to open /home/ryn/.mpd/playlists: No such file or directory
Feb 25 06:32 : exception: Failed to open /home/ryn/.mpd/playlists: No such file or directory
Feb 25 06:33 : exception: Failed to open /home/ryn/.mpd/playlists: No such file or directory
Feb 25 06:35 : exception: Failed to open /home/ryn/.mpd/playlists: No such file or directory
Feb 25 06:36 : exception: Failed to open /home/ryn/.mpd/playlists: No such file or directory
Feb 25 06:38 : exception: Failed to open /home/ryn/.mpd/playlists: No such file or directory
Feb 25 06:38 : exception: Failed to open /home/ryn/.mpd/playlists: No such file or directory
Feb 25 06:38 : exception: Failed to open /home/ryn/.mpd/playlists: No such file or directory
Feb 25 06:38 : exception: Failed to open /home/ryn/.mpd/playlists: No such file or directory
Feb 25 06:38 : exception: Failed to open /home/ryn/.mpd/playlists: No such file or directory
Feb 25 06:38 : exception: Failed to open /home/ryn/.mpd/playlists: No such file or directory
Feb 25 06:38 : exception: Failed to open /home/ryn/.mpd/playlists: No such file or directory
Feb 25 06:38 : exception: Failed to open /home/ryn/.mpd/playlists: No such file or directory
Feb 25 06:38 : exception: Failed to open /home/ryn/.mpd/playlists: No such file or directory
Feb 25 06:40 : exception: Failed to open /home/ryn/.mpd/playlists: No such file or directory
Feb 25 06:40 : exception: Failed to open /home/ryn/.mpd/playlists: No such file or directory
Feb 25 06:40 : exception: Failed to open /home/ryn/.mpd/playlists: No such file or directory
Feb 25 06:44 : player: played "Al-Bayyinah - Mishary Rashid.mp3"
Feb 25 06:44 : player: played "Al-Fajr - Mishary Rashid.mp3"
Feb 25 06:44 : player: played "Al-Jumu'ah - Mishary Rashid.mp3"
Feb 25 06:44 : player: played "Al-Jumu'ah - Mishary Rashid.mp3"
Feb 25 06:49 : player: played "Al-Jumu'ah - Mishary Rashid.mp3"
Feb 25 06:50 : player: played "Al-Jumu'ah - Mishary Rashid.mp3"
